2026-03-26 13:09:35,607 INFO __main__ Main pipeline started
2026-03-26 13:09:35,607 INFO src.data_loader Starting data loading from file
2026-03-26 13:09:35,626 INFO src.data_loader Data loaded successfully
2026-03-26 13:09:35,626 INFO src.preprocess Starting data cleaning
2026-03-26 13:09:35,637 INFO src.preprocess Data cleaning completed successfully
2026-03-26 13:09:35,637 INFO src.preprocess Splitting features and target
2026-03-26 13:09:35,637 INFO src.preprocess Feature and target split completed successfully
2026-03-26 13:09:35,637 INFO src.preprocess Starting train test split
2026-03-26 13:09:35,652 INFO src.preprocess Train test split completed successfully
2026-03-26 13:09:35,654 INFO src.train Training and comparison of models started
2026-03-26 13:09:35,654 INFO src.train Linear Regression training started
2026-03-26 13:09:35,660 INFO src.train Linear Regression training completed successfully
2026-03-26 13:09:35,660 INFO src.train Model evaluation started
2026-03-26 13:09:35,660 INFO src.train Model evaluation completed successfully
2026-03-26 13:09:35,660 INFO src.train Random Forest training started
2026-03-26 13:09:36,423 INFO src.train Random Forest training completed successfully
2026-03-26 13:09:36,423 INFO src.train Model evaluation started
2026-03-26 13:09:36,441 INFO src.train Model evaluation completed successfully
2026-03-26 13:09:36,441 INFO src.train Best model selected: RandomForestRegressor
2026-03-26 13:09:36,480 INFO src.train Artifacts saved successfully
2026-03-26 13:09:36,480 INFO __main__ Main pipeline completed successfully
2026-03-26 13:13:07,700 INFO src.predict Model and feature columns loaded successfully
2026-03-26 13:13:07,700 INFO src.predict Input data prepared successfully for prediction
2026-03-26 13:13:07,700 INFO src.predict Prediction completed successfully
2026-03-26 13:14:28,843 INFO src.predict Model and feature columns loaded successfully
2026-03-26 13:14:28,848 INFO src.predict Input data prepared successfully for prediction
2026-03-26 13:14:28,858 INFO src.predict Prediction completed successfully
2026-03-26 13:14:42,538 INFO src.predict Model and feature columns loaded successfully
2026-03-26 13:14:42,540 INFO src.predict Input data prepared successfully for prediction
2026-03-26 13:14:42,546 INFO src.predict Prediction completed successfully
2026-03-26 13:14:52,447 INFO src.predict Model and feature columns loaded successfully
2026-03-26 13:14:52,448 INFO src.predict Input data prepared successfully for prediction
2026-03-26 13:14:52,458 INFO src.predict Prediction completed successfully
2026-03-26 13:16:15,712 INFO src.predict Model and feature columns loaded successfully
2026-03-26 13:16:15,714 INFO src.predict Input data prepared successfully for prediction
2026-03-26 13:16:15,714 INFO src.predict Prediction completed successfully
2026-03-26 13:19:54,191 INFO __main__ Main pipeline started
2026-03-26 13:19:54,191 INFO src.data_loader Starting data loading from file
2026-03-26 13:19:54,206 INFO src.data_loader Data loaded successfully
2026-03-26 13:19:54,206 INFO src.preprocess Starting data cleaning
2026-03-26 13:19:54,209 INFO src.preprocess Data cleaning completed successfully
2026-03-26 13:19:54,209 INFO src.preprocess Splitting features and target
2026-03-26 13:19:54,209 INFO src.preprocess Feature and target split completed successfully
2026-03-26 13:19:54,209 INFO src.preprocess Starting train test split
2026-03-26 13:19:54,209 INFO src.preprocess Train test split completed successfully
2026-03-26 13:19:54,209 INFO src.train Training and comparison of models started
2026-03-26 13:19:54,209 INFO src.train Linear Regression training started
2026-03-26 13:19:54,216 INFO src.train Linear Regression training completed successfully
2026-03-26 13:19:54,216 INFO src.train Model evaluation started
2026-03-26 13:19:54,217 INFO src.train Model evaluation completed successfully
2026-03-26 13:19:54,217 INFO src.train Random Forest training started
2026-03-26 13:19:54,833 INFO src.train Random Forest training completed successfully
2026-03-26 13:19:54,833 INFO src.train Model evaluation started
2026-03-26 13:19:54,833 INFO src.train Model evaluation completed successfully
2026-03-26 13:19:54,833 INFO src.train Best model selected: RandomForestRegressor
2026-03-26 13:19:54,865 INFO src.train Artifacts saved successfully
2026-03-26 13:19:54,870 INFO __main__ Main pipeline completed successfully
2026-03-26 13:20:04,130 INFO src.predict Model and feature columns loaded successfully
2026-03-26 13:22:26,661 INFO src.predict Model and feature columns loaded successfully
2026-03-26 13:25:56,451 INFO src.predict Model and feature columns loaded successfully
2026-03-26 13:26:39,908 INFO src.predict Model and feature columns loaded successfully
2026-03-26 13:27:36,399 INFO src.predict Model and feature columns loaded successfully
2026-03-26 13:27:37,028 INFO src.predict Model and feature columns loaded successfully
2026-03-26 13:27:37,049 INFO src.predict Model and feature columns loaded successfully
2026-03-26 13:27:37,049 INFO src.predict Input data prepared successfully for prediction
2026-03-26 13:27:37,049 INFO src.predict Prediction completed successfully
2026-03-26 13:28:25,592 INFO src.predict Model and feature columns loaded successfully
2026-03-26 13:28:30,889 INFO src.predict Model and feature columns loaded successfully
2026-03-26 13:28:36,408 INFO src.predict Model and feature columns loaded successfully
2026-03-26 13:28:41,855 INFO src.predict Model and feature columns loaded successfully
2026-03-26 13:28:44,607 INFO src.predict Model and feature columns loaded successfully
2026-03-26 13:28:52,196 INFO src.predict Model and feature columns loaded successfully
2026-03-26 13:28:57,396 INFO src.predict Model and feature columns loaded successfully
2026-03-26 13:29:03,018 INFO src.predict Model and feature columns loaded successfully
2026-03-26 13:29:12,295 INFO src.predict Model and feature columns loaded successfully
2026-03-26 13:29:14,144 INFO src.predict Model and feature columns loaded successfully
2026-03-26 13:29:27,510 INFO src.predict Model and feature columns loaded successfully
2026-03-26 13:29:41,168 INFO src.predict Model and feature columns loaded successfully
2026-03-26 13:29:41,192 INFO src.predict Model and feature columns loaded successfully
2026-03-26 13:29:41,193 INFO src.predict Input data prepared successfully for prediction
2026-03-26 13:29:41,199 INFO src.predict Prediction completed successfully
2026-03-26 13:30:48,541 INFO src.predict Model and feature columns loaded successfully
2026-03-26 13:30:48,645 INFO src.predict Model and feature columns loaded successfully
2026-03-26 13:30:48,672 INFO src.predict Model and feature columns loaded successfully
2026-03-26 13:30:48,673 INFO src.predict Input data prepared successfully for prediction
2026-03-26 13:30:48,677 INFO src.predict Prediction completed successfully
2026-03-26 13:31:08,308 INFO src.predict Model and feature columns loaded successfully
2026-03-26 13:31:14,947 INFO src.predict Model and feature columns loaded successfully
2026-03-26 13:31:15,041 INFO src.predict Model and feature columns loaded successfully
2026-03-26 13:31:15,063 INFO src.predict Model and feature columns loaded successfully
2026-03-26 13:31:15,069 INFO src.predict Input data prepared successfully for prediction
2026-03-26 13:31:15,076 INFO src.predict Prediction completed successfully
2026-03-26 13:31:44,204 INFO src.predict Model and feature columns loaded successfully
2026-03-26 13:31:44,296 INFO src.predict Model and feature columns loaded successfully
2026-03-26 13:31:44,328 INFO src.predict Model and feature columns loaded successfully
2026-03-26 13:31:44,328 INFO src.predict Input data prepared successfully for prediction
2026-03-26 13:31:44,333 INFO src.predict Prediction completed successfully
2026-03-26 13:32:15,638 INFO src.predict Model and feature columns loaded successfully
2026-03-26 13:32:19,926 INFO src.predict Model and feature columns loaded successfully
2026-03-26 13:32:31,237 INFO src.predict Model and feature columns loaded successfully
2026-03-26 13:32:35,750 INFO src.predict Model and feature columns loaded successfully
2026-03-26 13:32:40,313 INFO src.predict Model and feature columns loaded successfully
2026-03-26 13:32:44,008 INFO src.predict Model and feature columns loaded successfully
2026-03-26 13:32:45,353 INFO src.predict Model and feature columns loaded successfully
2026-03-26 13:32:48,760 INFO src.predict Model and feature columns loaded successfully
2026-03-26 13:32:54,177 INFO src.predict Model and feature columns loaded successfully
2026-03-26 13:32:59,642 INFO src.predict Model and feature columns loaded successfully
2026-03-26 13:33:06,482 INFO src.predict Model and feature columns loaded successfully
2026-03-26 13:33:07,819 INFO src.predict Model and feature columns loaded successfully
2026-03-26 13:33:12,856 INFO src.predict Model and feature columns loaded successfully
2026-03-26 13:33:15,574 INFO src.predict Model and feature columns loaded successfully
2026-03-26 13:33:18,339 INFO src.predict Model and feature columns loaded successfully
2026-03-26 13:33:18,360 INFO src.predict Model and feature columns loaded successfully
2026-03-26 13:33:18,362 INFO src.predict Input data prepared successfully for prediction
2026-03-26 13:33:18,369 INFO src.predict Prediction completed successfully
2026-03-26 13:34:33,785 INFO src.predict Model and feature columns loaded successfully
2026-03-26 13:34:33,856 INFO src.predict Model and feature columns loaded successfully
2026-03-26 13:34:33,888 INFO src.predict Model and feature columns loaded successfully
2026-03-26 13:34:33,889 INFO src.predict Input data prepared successfully for prediction
2026-03-26 13:34:33,893 INFO src.predict Prediction completed successfully
